mobile/android/app/build/outputs/logs/manifest-merger-debug-report.txt
-- Merging decision tree log ---
manifest
ADDED from src\main\AndroidManifest.xml:1:1-26:12
INJECTED from src\main\AndroidManifest.xml:1:1-26:12
INJECTED from src\main\AndroidManifest.xml:1:1-26:12
INJECTED from src\main\AndroidManifest.xml:1:1-26:12
MERGED from [:react-native-gesture-handler] AndroidManifest.xml:2:1-11:12
MERGED from [:@estimote_react-native-proximity] AndroidManifest.xml:2:1-11:12
MERGED from [com.facebook.react:react-native:0.57.4] AndroidManifest.xml:2:1-15:12
MERGED from [com.android.support:appcompat-v7:27.1.1] AndroidManifest.xml:17:1-22:12
MERGED from [com.estimote:proximity-sdk:1.0.2] AndroidManifest.xml:2:1-22:12
MERGED from [com.android.support:support-fragment:27.1.1] AndroidManifest.xml:17:1-22:12
MERGED from [com.android.support:animated-vector-drawable:27.1.1] AndroidManifest.xml:17:1-22:12
MERGED from [com.android.support:support-vector-drawable:27.1.1] AndroidManifest.xml:17:1-22:12
MERGED from [com.android.support:support-core-ui:27.1.1] AndroidManifest.xml:17:1-22:12
MERGED from [android.arch.persistence.room:rxjava2:1.1.0] AndroidManifest.xml:17:1-22:12
MERGED from [android.arch.persistence.room:runtime:1.1.0] AndroidManifest.xml:17:1-22:12
MERGED from [com.android.support:support-core-utils:27.1.1] AndroidManifest.xml:17:1-22:12
MERGED from [com.android.support:support-compat:27.1.1] AndroidManifest.xml:17:1-22:12
MERGED from [android.arch.persistence:db-framework:1.1.0] AndroidManifest.xml:17:1-22:12
MERGED from [android.arch.persistence:db:1.1.0] AndroidManifest.xml:17:1-22:12
MERGED from [android.arch.lifecycle:livedata-core:1.1.0] AndroidManifest.xml:17:1-22:12
MERGED from [android.arch.core:runtime:1.1.1] AndroidManifest.xml:17:1-22:12
MERGED from [android.arch.lifecycle:runtime:1.1.0] AndroidManifest.xml:17:1-22:12
MERGED from [com.estimote:scanning-plugin:0.22.0] AndroidManifest.xml:2:1-25:12
MERGED from [com.estimote:analytics-plugin:0.5.1] AndroidManifest.xml:2:1-14:12
MERGED from [com.estimote:cloud-plugin:1.0.1] AndroidManifest.xml:2:1-18:12
MERGED from [com.estimote:repository-plugin:0.5.2] AndroidManifest.xml:2:1-11:12
MERGED from [com.estimote:internal-plugins-api:0.22.1] AndroidManifest.xml:2:1-14:12
MERGED from [com.estimote:ketchup:0.5.0] AndroidManifest.xml:2:1-11:12
MERGED from [com.facebook.fresco:fresco:1.10.0] AndroidManifest.xml:2:1-9:12
MERGED from [com.facebook.fresco:imagepipeline-okhttp3:1.10.0] AndroidManifest.xml:2:1-9:12
MERGED from [com.facebook.fresco:drawee:1.10.0] AndroidManifest.xml:2:1-9:12
MERGED from [com.facebook.fresco:imagepipeline:1.10.0] AndroidManifest.xml:2:1-9:12
MERGED from [com.facebook.fresco:imagepipeline-base:1.10.0] AndroidManifest.xml:2:1-9:12
MERGED from [com.facebook.soloader:soloader:0.5.1] AndroidManifest.xml:2:1-13:12
MERGED from [org.webkit:android-jsc:r174650] AndroidManifest.xml:1:1-3:12
MERGED from [io.reactivex.rxjava2:rxandroid:2.0.1] AndroidManifest.xml:15:1-21:12
MERGED from [com.wojtek.wawerek:skald-logcat-plugin:0.1.0] AndroidManifest.xml:2:1-11:12
MERGED from [android.arch.lifecycle:viewmodel:1.1.0] AndroidManifest.xml:17:1-22:12
MERGED from [com.facebook.fresco:fbcore:1.10.0] AndroidManifest.xml:2:1-9:12
INJECTED from src\main\AndroidManifest.xml:1:1-26:12
INJECTED from src\main\AndroidManifest.xml:1:1-26:12
INJECTED from src\main\AndroidManifest.xml:1:1-26:12
	package
		ADDED from src\main\AndroidManifest.xml:2:5-29
		INJECTED from src\main\AndroidManifest.xml
		INJECTED from src\main\AndroidManifest.xml
	android:versionName
		INJECTED from src\main\AndroidManifest.xml
		ADDED from src\main\AndroidManifest.xml:1:1-26:12
		INJECTED from src\main\AndroidManifest.xml
	android:versionCode
		INJECTED from src\main\AndroidManifest.xml
		ADDED from src\main\AndroidManifest.xml:1:1-26:12
		INJECTED from src\main\AndroidManifest.xml
	xmlns:android
		ADDED from src\main\AndroidManifest.xml:1:11-69
uses-permission#android.permission.INTERNET
ADDED from src\main\AndroidManifest.xml:4:5-67
MERGED from [com.estimote:cloud-plugin:1.0.1] AndroidManifest.xml:12:5-67
MERGED from [com.estimote:cloud-plugin:1.0.1] AndroidManifest.xml:12:5-67
	android:name
		ADDED from src\main\AndroidManifest.xml:4:22-64
uses-permission#android.permission.SYSTEM_ALERT_WINDOW
ADDED from src\main\AndroidManifest.xml:5:5-77
MERGED from [com.facebook.react:react-native:0.57.4] AndroidManifest.xml:11:5-78
MERGED from [com.facebook.react:react-native:0.57.4] AndroidManifest.xml:11:5-78
	android:name
		ADDED from src\main\AndroidManifest.xml:5:22-75
application
ADDED from src\main\AndroidManifest.xml:7:5-24:19
MERGED from [com.facebook.react:react-native:0.57.4] AndroidManifest.xml:13:5-20
MERGED from [com.facebook.react:react-native:0.57.4] AndroidManifest.xml:13:5-20
MERGED from [com.estimote:proximity-sdk:1.0.2] AndroidManifest.xml:14:5-20:19
MERGED from [com.estimote:proximity-sdk:1.0.2] AndroidManifest.xml:14:5-20:19
MERGED from [com.estimote:scanning-plugin:0.22.0] AndroidManifest.xml:18:5-23:19
MERGED from [com.estimote:scanning-plugin:0.22.0] AndroidManifest.xml:18:5-23:19
MERGED from [com.estimote:analytics-plugin:0.5.1] AndroidManifest.xml:11:5-12:19
MERGED from [com.estimote:analytics-plugin:0.5.1] AndroidManifest.xml:11:5-12:19
MERGED from [com.estimote:cloud-plugin:1.0.1] AndroidManifest.xml:15:5-16:19
MERGED from [com.estimote:cloud-plugin:1.0.1] AndroidManifest.xml:15:5-16:19
MERGED from [com.estimote:internal-plugins-api:0.22.1] AndroidManifest.xml:11:5-12:19
MERGED from [com.estimote:internal-plugins-api:0.22.1] AndroidManifest.xml:11:5-12:19
MERGED from [com.facebook.soloader:soloader:0.5.1] AndroidManifest.xml:11:5-20
MERGED from [com.facebook.soloader:soloader:0.5.1] AndroidManifest.xml:11:5-20
MERGED from [org.webkit:android-jsc:r174650] AndroidManifest.xml:2:3-17
MERGED from [org.webkit:android-jsc:r174650] AndroidManifest.xml:2:3-17
	android:label
		ADDED from src\main\AndroidManifest.xml:9:7-39
	android:icon
		ADDED from src\main\AndroidManifest.xml:10:7-41
	android:allowBackup
		ADDED from src\main\AndroidManifest.xml:11:7-34
	android:theme
		ADDED from src\main\AndroidManifest.xml:12:7-38
	android:name
		ADDED from src\main\AndroidManifest.xml:8:7-38
activity#com.billboards.MainActivity
ADDED from src\main\AndroidManifest.xml:13:7-22:18
	android:label
		ADDED from src\main\AndroidManifest.xml:15:9-41
	android:windowSoftInputMode
		ADDED from src\main\AndroidManifest.xml:17:9-51
	android:configChanges
		ADDED from src\main\AndroidManifest.xml:16:9-79
	android:name
		ADDED from src\main\AndroidManifest.xml:14:9-37
intent-filter#action:name:android.intent.action.MAIN+category:name:android.intent.category.LAUNCHER
ADDED from src\main\AndroidManifest.xml:18:9-21:25
action#android.intent.action.MAIN
ADDED from src\main\AndroidManifest.xml:19:13-65
	android:name
		ADDED from src\main\AndroidManifest.xml:19:21-62
category#android.intent.category.LAUNCHER
ADDED from src\main\AndroidManifest.xml:20:13-73
	android:name
		ADDED from src\main\AndroidManifest.xml:20:23-70
activity#com.facebook.react.devsupport.DevSettingsActivity
ADDED from src\main\AndroidManifest.xml:23:7-84
	android:name
		ADDED from src\main\AndroidManifest.xml:23:17-81
uses-sdk
INJECTED from src\main\AndroidManifest.xml reason: use-sdk injection requested
INJECTED from src\main\AndroidManifest.xml
INJECTED from src\main\AndroidManifest.xml
MERGED from [:react-native-gesture-handler] AndroidManifest.xml:7:5-9:41
MERGED from [:react-native-gesture-handler] AndroidManifest.xml:7:5-9:41
MERGED from [:@estimote_react-native-proximity] AndroidManifest.xml:7:5-9:41
MERGED from [:@estimote_react-native-proximity] AndroidManifest.xml:7:5-9:41
MERGED from [com.facebook.react:react-native:0.57.4] AndroidManifest.xml:7:5-9:41
MERGED from [com.facebook.react:react-native:0.57.4] AndroidManifest.xml:7:5-9:41
MERGED from [com.android.support:appcompat-v7:27.1.1] AndroidManifest.xml:20:5-44
MERGED from [com.android.support:appcompat-v7:27.1.1] AndroidManifest.xml:20:5-44
MERGED from [com.estimote:proximity-sdk:1.0.2] AndroidManifest.xml:7:5-9:41
MERGED from [com.estimote:proximity-sdk:1.0.2] AndroidManifest.xml:7:5-9:41
MERGED from [com.android.support:support-fragment:27.1.1] AndroidManifest.xml:20:5-44
MERGED from [com.android.support:support-fragment:27.1.1] AndroidManifest.xml:20:5-44
MERGED from [com.android.support:animated-vector-drawable:27.1.1] AndroidManifest.xml:20:5-44
MERGED from [com.android.support:animated-vector-drawable:27.1.1] AndroidManifest.xml:20:5-44
MERGED from [com.android.support:support-vector-drawable:27.1.1] AndroidManifest.xml:20:5-44
MERGED from [com.android.support:support-vector-drawable:27.1.1] AndroidManifest.xml:20:5-44
MERGED from [com.android.support:support-core-ui:27.1.1] AndroidManifest.xml:20:5-44
MERGED from [com.android.support:support-core-ui:27.1.1] AndroidManifest.xml:20:5-44
MERGED from [android.arch.persistence.room:rxjava2:1.1.0] AndroidManifest.xml:20:5-44
MERGED from [android.arch.persistence.room:rxjava2:1.1.0] AndroidManifest.xml:20:5-44
MERGED from [android.arch.persistence.room:runtime:1.1.0] AndroidManifest.xml:20:5-44
MERGED from [android.arch.persistence.room:runtime:1.1.0] AndroidManifest.xml:20:5-44
MERGED from [com.android.support:support-core-utils:27.1.1] AndroidManifest.xml:20:5-44
MERGED from [com.android.support:support-core-utils:27.1.1] AndroidManifest.xml:20:5-44
MERGED from [com.android.support:support-compat:27.1.1] AndroidManifest.xml:20:5-44
MERGED from [com.android.support:support-compat:27.1.1] AndroidManifest.xml:20:5-44
MERGED from [android.arch.persistence:db-framework:1.1.0] AndroidManifest.xml:20:5-44
MERGED from [android.arch.persistence:db-framework:1.1.0] AndroidManifest.xml:20:5-44
MERGED from [android.arch.persistence:db:1.1.0] AndroidManifest.xml:20:5-44
MERGED from [android.arch.persistence:db:1.1.0] AndroidManifest.xml:20:5-44
MERGED from [android.arch.lifecycle:livedata-core:1.1.0] AndroidManifest.xml:20:5-44
MERGED from [android.arch.lifecycle:livedata-core:1.1.0] AndroidManifest.xml:20:5-44
MERGED from [android.arch.core:runtime:1.1.1] AndroidManifest.xml:20:5-44
MERGED from [android.arch.core:runtime:1.1.1] AndroidManifest.xml:20:5-44
MERGED from [android.arch.lifecycle:runtime:1.1.0] AndroidManifest.xml:20:5-44
MERGED from [android.arch.lifecycle:runtime:1.1.0] AndroidManifest.xml:20:5-44
MERGED from [com.estimote:scanning-plugin:0.22.0] AndroidManifest.xml:7:5-9:41
MERGED from [com.estimote:scanning-plugin:0.22.0] AndroidManifest.xml:7:5-9:41
MERGED from [com.estimote:analytics-plugin:0.5.1] AndroidManifest.xml:7:5-9:41
MERGED from [com.estimote:analytics-plugin:0.5.1] AndroidManifest.xml:7:5-9:41
MERGED from [com.estimote:cloud-plugin:1.0.1] AndroidManifest.xml:7:5-9:41
MERGED from [com.estimote:cloud-plugin:1.0.1] AndroidManifest.xml:7:5-9:41
MERGED from [com.estimote:repository-plugin:0.5.2] AndroidManifest.xml:7:5-9:41
MERGED from [com.estimote:repository-plugin:0.5.2] AndroidManifest.xml:7:5-9:41
MERGED from [com.estimote:internal-plugins-api:0.22.1] AndroidManifest.xml:7:5-9:41
MERGED from [com.estimote:internal-plugins-api:0.22.1] AndroidManifest.xml:7:5-9:41
MERGED from [com.estimote:ketchup:0.5.0] AndroidManifest.xml:7:5-9:41
MERGED from [com.estimote:ketchup:0.5.0] AndroidManifest.xml:7:5-9:41
MERGED from [com.facebook.fresco:fresco:1.10.0] AndroidManifest.xml:5:5-7:41
MERGED from [com.facebook.fresco:fresco:1.10.0] AndroidManifest.xml:5:5-7:41
MERGED from [com.facebook.fresco:imagepipeline-okhttp3:1.10.0] AndroidManifest.xml:5:5-7:41
MERGED from [com.facebook.fresco:imagepipeline-okhttp3:1.10.0] AndroidManifest.xml:5:5-7:41
MERGED from [com.facebook.fresco:drawee:1.10.0] AndroidManifest.xml:5:5-7:41
MERGED from [com.facebook.fresco:drawee:1.10.0] AndroidManifest.xml:5:5-7:41
MERGED from [com.facebook.fresco:imagepipeline:1.10.0] AndroidManifest.xml:5:5-7:41
MERGED from [com.facebook.fresco:imagepipeline:1.10.0] AndroidManifest.xml:5:5-7:41
MERGED from [com.facebook.fresco:imagepipeline-base:1.10.0] AndroidManifest.xml:5:5-7:41
MERGED from [com.facebook.fresco:imagepipeline-base:1.10.0] AndroidManifest.xml:5:5-7:41
MERGED from [com.facebook.soloader:soloader:0.5.1] AndroidManifest.xml:7:5-9:41
MERGED from [com.facebook.soloader:soloader:0.5.1] AndroidManifest.xml:7:5-9:41
MERGED from [io.reactivex.rxjava2:rxandroid:2.0.1] AndroidManifest.xml:19:5-43
MERGED from [io.reactivex.rxjava2:rxandroid:2.0.1] AndroidManifest.xml:19:5-43
MERGED from [com.wojtek.wawerek:skald-logcat-plugin:0.1.0] AndroidManifest.xml:7:5-9:41
MERGED from [com.wojtek.wawerek:skald-logcat-plugin:0.1.0] AndroidManifest.xml:7:5-9:41
MERGED from [android.arch.lifecycle:viewmodel:1.1.0] AndroidManifest.xml:20:5-44
MERGED from [android.arch.lifecycle:viewmodel:1.1.0] AndroidManifest.xml:20:5-44
MERGED from [com.facebook.fresco:fbcore:1.10.0] AndroidManifest.xml:5:5-7:41
MERGED from [com.facebook.fresco:fbcore:1.10.0] AndroidManifest.xml:5:5-7:41
INJECTED from src\main\AndroidManifest.xml
INJECTED from src\main\AndroidManifest.xml
	android:targetSdkVersion
		INJECTED from src\main\AndroidManifest.xml
		ADDED from src\main\AndroidManifest.xml
		INJECTED from src\main\AndroidManifest.xml
	android:minSdkVersion
		INJECTED from src\main\AndroidManifest.xml
		ADDED from src\main\AndroidManifest.xml
		INJECTED from src\main\AndroidManifest.xml
uses-permission#android.permission.BLUETOOTH
ADDED from [com.estimote:proximity-sdk:1.0.2] AndroidManifest.xml:11:5-68
MERGED from [com.estimote:scanning-plugin:0.22.0] AndroidManifest.xml:12:5-68
MERGED from [com.estimote:scanning-plugin:0.22.0] AndroidManifest.xml:12:5-68
	android:name
		ADDED from [com.estimote:proximity-sdk:1.0.2] AndroidManifest.xml:11:22-65
uses-permission#android.permission.BLUETOOTH_ADMIN
ADDED from [com.estimote:proximity-sdk:1.0.2] AndroidManifest.xml:12:5-74
MERGED from [com.estimote:scanning-plugin:0.22.0] AndroidManifest.xml:13:5-74
MERGED from [com.estimote:scanning-plugin:0.22.0] AndroidManifest.xml:13:5-74
	android:name
		ADDED from [com.estimote:proximity-sdk:1.0.2] AndroidManifest.xml:12:22-71
receiver#com.estimote.proximity_sdk.api.TriggerBroadcastReceiver
ADDED from [com.estimote:proximity-sdk:1.0.2] AndroidManifest.xml:15:9-19:20
	android:name
		ADDED from [com.estimote:proximity-sdk:1.0.2] AndroidManifest.xml:15:19-89
intent-filter#action:name:com.estimote.proximity_trigger
ADDED from [com.estimote:proximity-sdk:1.0.2] AndroidManifest.xml:16:13-18:29
action#com.estimote.proximity_trigger
ADDED from [com.estimote:proximity-sdk:1.0.2] AndroidManifest.xml:17:17-73
	android:name
		ADDED from [com.estimote:proximity-sdk:1.0.2] AndroidManifest.xml:17:25-70
uses-permission-sdk-23#android.permission.ACCESS_COARSE_LOCATION
ADDED from [com.estimote:scanning-plugin:0.22.0] AndroidManifest.xml:16:5-88
	android:name
		ADDED from [com.estimote:scanning-plugin:0.22.0] AndroidManifest.xml:16:29-85
service#com.estimote.scanning_plugin.packet_provider.service.PacketProviderWrapperService
ADDED from [com.estimote:scanning-plugin:0.22.0] AndroidManifest.xml:19:9-22:40
	android:enabled
		ADDED from [com.estimote:scanning-plugin:0.22.0] AndroidManifest.xml:21:13-35
	android:exported
		ADDED from [com.estimote:scanning-plugin:0.22.0] AndroidManifest.xml:22:13-37
	android:name
		ADDED from [com.estimote:scanning-plugin:0.22.0] AndroidManifest.xml:20:13-109
uses-permission#android.permission.ACCESS_NETWORK_STATE
ADDED from [com.estimote:cloud-plugin:1.0.1] AndroidManifest.xml:13:5-79
	android:name
		ADDED from [com.estimote:cloud-plugin:1.0.1] AndroidManifest.xml:13:22-76
uses-permission#android.permission.WRITE_EXTERNAL_STORAGE
IMPLIED from src\main\AndroidManifest.xml:1:1-26:12 reason: org.webkit.android_jsc has a targetSdkVersion < 4
uses-permission#android.permission.READ_PHONE_STATE
IMPLIED from src\main\AndroidManifest.xml:1:1-26:12 reason: org.webkit.android_jsc has a targetSdkVersion < 4
uses-permission#android.permission.READ_EXTERNAL_STORAGE
IMPLIED from src\main\AndroidManifest.xml:1:1-26:12 reason: org.webkit.android_jsc requested WRITE_EXTERNAL_STORAGE